INFO [2026-03-12 13:25:41] $x
INFO [2026-03-12 13:25:41] list(setA, setB, setC, setD)
INFO [2026-03-12 13:25:41] 
INFO [2026-03-12 13:25:41] $category.names
INFO [2026-03-12 13:25:41] c("stomach H3K4me3", "stomach POLR2A", "sigmoid_colon H3K4me3", 
INFO [2026-03-12 13:25:41]     "sigmoid_colon POLR2A")
INFO [2026-03-12 13:25:41] 
INFO [2026-03-12 13:25:41] $filename
INFO [2026-03-12 13:25:41] opt$output
INFO [2026-03-12 13:25:41] 
INFO [2026-03-12 13:25:41] $output
INFO [2026-03-12 13:25:41] [1] TRUE
INFO [2026-03-12 13:25:41] 
INFO [2026-03-12 13:25:41] $col
INFO [2026-03-12 13:25:41] [1] "black"
INFO [2026-03-12 13:25:41] 
INFO [2026-03-12 13:25:41] $fill
INFO [2026-03-12 13:25:41] c(alpha("#1f78b4", 1), alpha("#cc4c02", 1), alpha("#1f78b4", 
INFO [2026-03-12 13:25:41]     0.4), alpha("#cc4c02", 0.4))
INFO [2026-03-12 13:25:41] 
INFO [2026-03-12 13:25:41] $width
INFO [2026-03-12 13:25:41] [1] 5000
INFO [2026-03-12 13:25:41] 
